<?xml version="1.0" encoding="UTF-8"?>
<testng-results skipped="0" failed="0" total="1" passed="1">
  <reporter-output>
  </reporter-output>
  <suite name="Suite" duration-ms="18811" started-at="2020-07-13T21:41:33Z" finished-at="2020-07-13T21:41:52Z">
    <groups>
    </groups>
    <test name="Test" duration-ms="18811" started-at="2020-07-13T21:41:33Z" finished-at="2020-07-13T21:41:52Z">
      <class name="vivo.mobile.testing.app.LaunchApp">
        <test-method status="PASS" signature="test_LaunchApp()[pri:0, instance:vivo.mobile.testing.app.LaunchApp@129a8472]" name="test_LaunchApp" duration-ms="18797" started-at="2020-07-14T03:11:33Z" finished-at="2020-07-14T03:11:52Z">
          <reporter-output>
          </reporter-output>
        </test-method> <!-- test_LaunchApp -->
      </class> <!-- vivo.mobile.testing.app.LaunchApp -->
    </test> <!-- Test -->
  </suite> <!-- Suite -->
</testng-results>
